<?xml version="1.0" encoding="UTF-8"?>
<testsuite xmlns:xsi="http://www.w3.org/2001/XMLSchema-instance" xsi:noNamespaceSchemaLocation="https://maven.apache.org/surefire/maven-surefire-plugin/xsd/surefire-test-report-3.0.xsd" version="3.0" name="it.cparisi.pakkiotto.extension.test.PakkiottoExtensionTest" time="2.749" tests="1" errors="0" skipped="0" failures="0">
  <properties>
    <property name="sun.desktop" value="gnome"/>
    <property name="awt.toolkit" value="sun.awt.X11.XToolkit"/>
    <property name="java.specification.version" value="11"/>
    <property name="sun.cpu.isalist" value=""/>
    <property name="sun.jnu.encoding" value="UTF-8"/>
    <property name="java.class.path" value="/home/cparisi/progetti/pakkiotto-extension/deployment/target/test-classes:/home/cparisi/progetti/pakkiotto-extension/deployment/target/classes:/home/cparisi/.m2/repository/io/quarkus/quarkus-arc-deployment/2.16.5.Final/quarkus-arc-deployment-2.16.5.Final.jar:/home/cparisi/.m2/repository/io/quarkus/quarkus-core-deployment/2.16.5.Final/quarkus-core-deployment-2.16.5.Final.jar:/home/cparisi/.m2/repository/org/aesh/readline/2.2/readline-2.2.jar:/home/cparisi/.m2/repository/org/fusesource/jansi/jansi/1.18/jansi-1.18.jar:/home/cparisi/.m2/repository/org/aesh/aesh/2.7/aesh-2.7.jar:/home/cparisi/.m2/repository/org/apache/commons/commons-lang3/3.12.0/commons-lang3-3.12.0.jar:/home/cparisi/.m2/repository/org/wildfly/common/wildfly-common/1.5.4.Final-format-001/wildfly-common-1.5.4.Final-format-001.jar:/home/cparisi/.m2/repository/io/quarkus/gizmo/gizmo/1.6.0.Final/gizmo-1.6.0.Final.jar:/home/cparisi/.m2/repository/org/ow2/asm/asm-util/9.4/asm-util-9.4.jar:/home/cparisi/.m2/repository/org/ow2/asm/asm-analysis/9.4/asm-analysis-9.4.jar:/home/cparisi/.m2/repository/io/smallrye/jandex/3.0.5/jandex-3.0.5.jar:/home/cparisi/.m2/repository/org/ow2/asm/asm/9.4/asm-9.4.jar:/home/cparisi/.m2/repository/org/ow2/asm/asm-commons/9.4/asm-commons-9.4.jar:/home/cparisi/.m2/repository/org/ow2/asm/asm-tree/9.4/asm-tree-9.4.jar:/home/cparisi/.m2/repository/io/quarkus/quarkus-development-mode-spi/2.16.5.Final/quarkus-development-mode-spi-2.16.5.Final.jar:/home/cparisi/.m2/repository/io/quarkus/quarkus-class-change-agent/2.16.5.Final/quarkus-class-change-agent-2.16.5.Final.jar:/home/cparisi/.m2/repository/io/quarkus/quarkus-bootstrap-core/2.16.5.Final/quarkus-bootstrap-core-2.16.5.Final.jar:/home/cparisi/.m2/repository/io/quarkus/quarkus-bootstrap-app-model/2.16.5.Final/quarkus-bootstrap-app-model-2.16.5.Final.jar:/home/cparisi/.m2/repository/io/smallrye/common/smallrye-common-io/1.13.2/smallrye-common-io-1.13.2.jar:/home/cparisi/.m2/repository/org/eclipse/sisu/org.eclipse.sisu.inject/0.3.5/org.eclipse.sisu.inject-0.3.5.jar:/home/cparisi/.m2/repository/io/quarkus/quarkus-builder/2.16.5.Final/quarkus-builder-2.16.5.Final.jar:/home/cparisi/.m2/repository/org/graalvm/sdk/graal-sdk/22.3.0/graal-sdk-22.3.0.jar:/home/cparisi/.m2/repository/org/junit/platform/junit-platform-launcher/1.9.2/junit-platform-launcher-1.9.2.jar:/home/cparisi/.m2/repository/org/junit/jupiter/junit-jupiter/5.9.2/junit-jupiter-5.9.2.jar:/home/cparisi/.m2/repository/io/quarkus/quarkus-smallrye-context-propagation-spi/2.16.5.Final/quarkus-smallrye-context-propagation-spi-2.16.5.Final.jar:/home/cparisi/.m2/repository/org/eclipse/microprofile/context-propagation/microprofile-context-propagation-api/1.2/microprofile-context-propagation-api-1.2.jar:/home/cparisi/.m2/repository/io/quarkus/quarkus-vertx-http-dev-console-spi/2.16.5.Final/quarkus-vertx-http-dev-console-spi-2.16.5.Final.jar:/home/cparisi/.m2/repository/io/quarkus/quarkus-vertx-http-dev-console-runtime-spi/2.16.5.Final/quarkus-vertx-http-dev-console-runtime-spi-2.16.5.Final.jar:/home/cparisi/.m2/repository/io/quarkus/arc/arc/2.16.5.Final/arc-2.16.5.Final.jar:/home/cparisi/.m2/repository/jakarta/transaction/jakarta.transaction-api/1.3.3/jakarta.transaction-api-1.3.3.jar:/home/cparisi/.m2/repository/io/smallrye/reactive/mutiny/1.9.0/mutiny-1.9.0.jar:/home/cparisi/.m2/repository/org/reactivestreams/reactive-streams/1.0.3/reactive-streams-1.0.3.jar:/home/cparisi/.m2/repository/io/smallrye/common/smallrye-common-annotation/1.13.2/smallrye-common-annotation-1.13.2.jar:/home/cparisi/.m2/repository/io/vertx/vertx-web/4.3.7/vertx-web-4.3.7.jar:/home/cparisi/.m2/repository/io/vertx/vertx-web-common/4.3.7/vertx-web-common-4.3.7.jar:/home/cparisi/.m2/repository/io/vertx/vertx-auth-common/4.3.7/vertx-auth-common-4.3.7.jar:/home/cparisi/.m2/repository/io/vertx/vertx-bridge-common/4.3.7/vertx-bridge-common-4.3.7.jar:/home/cparisi/.m2/repository/io/vertx/vertx-core/4.3.7/vertx-core-4.3.7.jar:/home/cparisi/.m2/repository/io/netty/netty-common/4.1.86.Final/netty-common-4.1.86.Final.jar:/home/cparisi/.m2/repository/io/netty/netty-buffer/4.1.86.Final/netty-buffer-4.1.86.Final.jar:/home/cparisi/.m2/repository/io/netty/netty-transport/4.1.86.Final/netty-transport-4.1.86.Final.jar:/home/cparisi/.m2/repository/io/netty/netty-handler/4.1.86.Final/netty-handler-4.1.86.Final.jar:/home/cparisi/.m2/repository/io/netty/netty-transport-native-unix-common/4.1.86.Final/netty-transport-native-unix-common-4.1.86.Final.jar:/home/cparisi/.m2/repository/io/netty/netty-handler-proxy/4.1.86.Final/netty-handler-proxy-4.1.86.Final.jar:/home/cparisi/.m2/repository/io/netty/netty-codec-socks/4.1.86.Final/netty-codec-socks-4.1.86.Final.jar:/home/cparisi/.m2/repository/io/netty/netty-codec-http2/4.1.86.Final/netty-codec-http2-4.1.86.Final.jar:/home/cparisi/.m2/repository/io/netty/netty-resolver/4.1.86.Final/netty-resolver-4.1.86.Final.jar:/home/cparisi/.m2/repository/io/netty/netty-resolver-dns/4.1.86.Final/netty-resolver-dns-4.1.86.Final.jar:/home/cparisi/.m2/repository/io/netty/netty-codec-dns/4.1.86.Final/netty-codec-dns-4.1.86.Final.jar:/home/cparisi/.m2/repository/io/quarkus/quarkus-arc/2.16.5.Final/quarkus-arc-2.16.5.Final.jar:/home/cparisi/.m2/repository/io/quarkus/arc/arc-processor/2.16.5.Final/arc-processor-2.16.5.Final.jar:/home/cparisi/.m2/repository/org/jboss/logging/jboss-logging/3.5.0.Final/jboss-logging-3.5.0.Final.jar:/home/cparisi/.m2/repository/jakarta/annotation/jakarta.annotation-api/1.3.5/jakarta.annotation-api-1.3.5.jar:/home/cparisi/.m2/repository/io/quarkus/quarkus-undertow-deployment/2.16.5.Final/quarkus-undertow-deployment-2.16.5.Final.jar:/home/cparisi/.m2/repository/io/quarkus/http/quarkus-http-servlet/4.2.1/quarkus-http-servlet-4.2.1.jar:/home/cparisi/.m2/repository/io/quarkus/http/quarkus-http-core/4.2.1/quarkus-http-core-4.2.1.jar:/home/cparisi/.m2/repository/io/quarkus/http/quarkus-http-http-core/4.2.1/quarkus-http-http-core-4.2.1.jar:/home/cparisi/.m2/repository/io/netty/netty-codec-http/4.1.86.Final/netty-codec-http-4.1.86.Final.jar:/home/cparisi/.m2/repository/io/netty/netty-codec/4.1.86.Final/netty-codec-4.1.86.Final.jar:/home/cparisi/.m2/repository/jakarta/servlet/jakarta.servlet-api/4.0.3/jakarta.servlet-api-4.0.3.jar:/home/cparisi/.m2/repository/io/quarkus/quarkus-undertow-spi/2.16.5.Final/quarkus-undertow-spi-2.16.5.Final.jar:/home/cparisi/.m2/repository/io/quarkus/quarkus-undertow/2.16.5.Final/quarkus-undertow-2.16.5.Final.jar:/home/cparisi/.m2/repository/io/quarkus/quarkus-vertx-http/2.16.5.Final/quarkus-vertx-http-2.16.5.Final.jar:/home/cparisi/.m2/repository/io/quarkus/quarkus-security-runtime-spi/2.16.5.Final/quarkus-security-runtime-spi-2.16.5.Final.jar:/home/cparisi/.m2/repository/io/quarkus/quarkus-credentials/2.16.5.Final/quarkus-credentials-2.16.5.Final.jar:/home/cparisi/.m2/repository/io/quarkus/quarkus-mutiny/2.16.5.Final/quarkus-mutiny-2.16.5.Final.jar:/home/cparisi/.m2/repository/io/quarkus/quarkus-smallrye-context-propagation/2.16.5.Final/quarkus-smallrye-context-propagation-2.16.5.Final.jar:/home/cparisi/.m2/repository/io/smallrye/smallrye-context-propagation/1.2.2/smallrye-context-propagation-1.2.2.jar:/home/cparisi/.m2/repository/io/smallrye/smallrye-context-propagation-api/1.2.2/smallrye-context-propagation-api-1.2.2.jar:/home/cparisi/.m2/repository/io/smallrye/smallrye-context-propagation-storage/1.2.2/smallrye-context-propagation-storage-1.2.2.jar:/home/cparisi/.m2/repository/io/smallrye/reactive/mutiny-smallrye-context-propagation/1.9.0/mutiny-smallrye-context-propagation-1.9.0.jar:/home/cparisi/.m2/repository/io/smallrye/common/smallrye-common-vertx-context/1.13.2/smallrye-common-vertx-context-1.13.2.jar:/home/cparisi/.m2/repository/io/smallrye/common/smallrye-common-constraint/1.13.2/smallrye-common-constraint-1.13.2.jar:/home/cparisi/.m2/repository/io/quarkus/quarkus-vertx/2.16.5.Final/quarkus-vertx-2.16.5.Final.jar:/home/cparisi/.m2/repository/io/quarkus/quarkus-netty/2.16.5.Final/quarkus-netty-2.16.5.Final.jar:/home/cparisi/.m2/repository/com/aayushatharva/brotli4j/brotli4j/1.8.0/brotli4j-1.8.0.jar:/home/cparisi/.m2/repository/com/aayushatharva/brotli4j/native-linux-x86_64/1.8.0/native-linux-x86_64-1.8.0.jar:/home/cparisi/.m2/repository/io/netty/netty-codec-haproxy/4.1.86.Final/netty-codec-haproxy-4.1.86.Final.jar:/home/cparisi/.m2/repository/io/quarkus/quarkus-vertx-latebound-mdc-provider/2.16.5.Final/quarkus-vertx-latebound-mdc-provider-2.16.5.Final.jar:/home/cparisi/.m2/repository/io/smallrye/reactive/smallrye-mutiny-vertx-core/2.30.1/smallrye-mutiny-vertx-core-2.30.1.jar:/home/cparisi/.m2/repository/io/smallrye/reactive/smallrye-mutiny-vertx-runtime/2.30.1/smallrye-mutiny-vertx-runtime-2.30.1.jar:/home/cparisi/.m2/repository/io/smallrye/reactive/vertx-mutiny-generator/2.30.1/vertx-mutiny-generator-2.30.1.jar:/home/cparisi/.m2/repository/io/vertx/vertx-codegen/4.3.7/vertx-codegen-4.3.7.jar:/home/cparisi/.m2/repository/io/smallrye/smallrye-fault-tolerance-vertx/5.6.0/smallrye-fault-tolerance-vertx-5.6.0.jar:/home/cparisi/.m2/repository/io/smallrye/reactive/smallrye-mutiny-vertx-web/2.30.1/smallrye-mutiny-vertx-web-2.30.1.jar:/home/cparisi/.m2/repository/io/smallrye/reactive/smallrye-mutiny-vertx-web-common/2.30.1/smallrye-mutiny-vertx-web-common-2.30.1.jar:/home/cparisi/.m2/repository/io/smallrye/reactive/smallrye-mutiny-vertx-auth-common/2.30.1/smallrye-mutiny-vertx-auth-common-2.30.1.jar:/home/cparisi/.m2/repository/io/smallrye/reactive/smallrye-mutiny-vertx-bridge-common/2.30.1/smallrye-mutiny-vertx-bridge-common-2.30.1.jar:/home/cparisi/.m2/repository/io/smallrye/reactive/smallrye-mutiny-vertx-uri-template/2.30.1/smallrye-mutiny-vertx-uri-template-2.30.1.jar:/home/cparisi/.m2/repository/io/vertx/vertx-uri-template/4.3.7/vertx-uri-template-4.3.7.jar:/home/cparisi/.m2/repository/io/github/crac/org-crac/0.1.3/org-crac-0.1.3.jar:/home/cparisi/.m2/repository/io/quarkus/security/quarkus-security/1.1.4.Final/quarkus-security-1.1.4.Final.jar:/home/cparisi/.m2/repository/io/quarkus/http/quarkus-http-vertx-backend/4.2.1/quarkus-http-vertx-backend-4.2.1.jar:/home/cparisi/.m2/repository/io/quarkus/quarkus-vertx-http-deployment/2.16.5.Final/quarkus-vertx-http-deployment-2.16.5.Final.jar:/home/cparisi/.m2/repository/io/quarkus/quarkus-vertx-deployment/2.16.5.Final/quarkus-vertx-deployment-2.16.5.Final.jar:/home/cparisi/.m2/repository/io/quarkus/quarkus-netty-deployment/2.16.5.Final/quarkus-netty-deployment-2.16.5.Final.jar:/home/cparisi/.m2/repository/io/quarkus/quarkus-vertx-http-deployment-spi/2.16.5.Final/quarkus-vertx-http-deployment-spi-2.16.5.Final.jar:/home/cparisi/.m2/repository/io/quarkus/quarkus-mutiny-deployment/2.16.5.Final/quarkus-mutiny-deployment-2.16.5.Final.jar:/home/cparisi/.m2/repository/io/quarkus/quarkus-smallrye-context-propagation-deployment/2.16.5.Final/quarkus-smallrye-context-propagation-deployment-2.16.5.Final.jar:/home/cparisi/.m2/repository/io/quarkus/qute/qute-core/2.16.5.Final/qute-core-2.16.5.Final.jar:/home/cparisi/.m2/repository/org/yaml/snakeyaml/1.33/snakeyaml-1.33.jar:/home/cparisi/.m2/repository/com/fasterxml/jackson/core/jackson-databind/2.14.2/jackson-databind-2.14.2.jar:/home/cparisi/.m2/repository/com/fasterxml/jackson/core/jackson-annotations/2.14.2/jackson-annotations-2.14.2.jar:/home/cparisi/.m2/repository/com/fasterxml/jackson/core/jackson-core/2.14.2/jackson-core-2.14.2.jar:/home/cparisi/.m2/repository/io/quarkus/quarkus-kubernetes-spi/2.16.5.Final/quarkus-kubernetes-spi-2.16.5.Final.jar:/home/cparisi/.m2/repository/org/jboss/metadata/jboss-metadata-web/15.2.0.Final/jboss-metadata-web-15.2.0.Final.jar:/home/cparisi/.m2/repository/org/jboss/metadata/jboss-metadata-common/15.2.0.Final/jboss-metadata-common-15.2.0.Final.jar:/home/cparisi/progetti/pakkiotto-extension/runtime/target/pakkiotto-extension-1.0.0-SNAPSHOT.jar:/home/cparisi/.m2/repository/io/quarkus/quarkus-junit5-internal/2.16.5.Final/quarkus-junit5-internal-2.16.5.Final.jar:/home/cparisi/.m2/repository/org/jboss/shrinkwrap/shrinkwrap-api/1.2.6/shrinkwrap-api-1.2.6.jar:/home/cparisi/.m2/repository/org/jboss/shrinkwrap/shrinkwrap-spi/1.2.6/shrinkwrap-spi-1.2.6.jar:/home/cparisi/.m2/repository/org/jboss/shrinkwrap/shrinkwrap-impl-base/1.2.6/shrinkwrap-impl-base-1.2.6.jar:/home/cparisi/.m2/repository/org/junit/jupiter/junit-jupiter-api/5.9.2/junit-jupiter-api-5.9.2.jar:/home/cparisi/.m2/repository/org/opentest4j/opentest4j/1.2.0/opentest4j-1.2.0.jar:/home/cparisi/.m2/repository/org/junit/platform/junit-platform-commons/1.9.2/junit-platform-commons-1.9.2.jar:/home/cparisi/.m2/repository/org/apiguardian/apiguardian-api/1.1.2/apiguardian-api-1.1.2.jar:/home/cparisi/.m2/repository/org/junit/jupiter/junit-jupiter-params/5.9.2/junit-jupiter-params-5.9.2.jar:/home/cparisi/.m2/repository/org/junit/jupiter/junit-jupiter-engine/5.9.2/junit-jupiter-engine-5.9.2.jar:/home/cparisi/.m2/repository/org/junit/platform/junit-platform-engine/1.9.2/junit-platform-engine-1.9.2.jar:/home/cparisi/.m2/repository/io/quarkus/quarkus-core/2.16.5.Final/quarkus-core-2.16.5.Final.jar:/home/cparisi/.m2/repository/jakarta/inject/jakarta.inject-api/1.0/jakarta.inject-api-1.0.jar:/home/cparisi/.m2/repository/io/quarkus/quarkus-ide-launcher/2.16.5.Final/quarkus-ide-launcher-2.16.5.Final.jar:/home/cparisi/.m2/repository/io/smallrye/config/smallrye-config/2.13.3/smallrye-config-2.13.3.jar:/home/cparisi/.m2/repository/io/smallrye/config/smallrye-config-core/2.13.3/smallrye-config-core-2.13.3.jar:/home/cparisi/.m2/repository/org/eclipse/microprofile/config/microprofile-config-api/2.0.1/microprofile-config-api-2.0.1.jar:/home/cparisi/.m2/repository/io/smallrye/common/smallrye-common-expression/1.13.2/smallrye-common-expression-1.13.2.jar:/home/cparisi/.m2/repository/io/smallrye/common/smallrye-common-function/1.13.2/smallrye-common-function-1.13.2.jar:/home/cparisi/.m2/repository/io/smallrye/common/smallrye-common-classloader/1.13.2/smallrye-common-classloader-1.13.2.jar:/home/cparisi/.m2/repository/io/smallrye/config/smallrye-config-common/2.13.3/smallrye-config-common-2.13.3.jar:/home/cparisi/.m2/repository/org/jboss/logmanager/jboss-logmanager-embedded/1.0.11/jboss-logmanager-embedded-1.0.11.jar:/home/cparisi/.m2/repository/org/jboss/logging/jboss-logging-annotations/2.2.1.Final/jboss-logging-annotations-2.2.1.Final.jar:/home/cparisi/.m2/repository/org/jboss/threads/jboss-threads/3.4.3.Final/jboss-threads-3.4.3.Final.jar:/home/cparisi/.m2/repository/org/slf4j/slf4j-api/1.7.36/slf4j-api-1.7.36.jar:/home/cparisi/.m2/repository/org/jboss/slf4j/slf4j-jboss-logmanager/1.2.0.Final/slf4j-jboss-logmanager-1.2.0.Final.jar:/home/cparisi/.m2/repository/io/quarkus/quarkus-bootstrap-runner/2.16.5.Final/quarkus-bootstrap-runner-2.16.5.Final.jar:/home/cparisi/.m2/repository/io/quarkus/quarkus-fs-util/0.0.9/quarkus-fs-util-0.0.9.jar:/home/cparisi/.m2/repository/io/quarkus/quarkus-test-common/2.16.5.Final/quarkus-test-common-2.16.5.Final.jar:/home/cparisi/.m2/repository/io/quarkus/quarkus-bootstrap-maven-resolver/2.16.5.Final/quarkus-bootstrap-maven-resolver-2.16.5.Final.jar:/home/cparisi/.m2/repository/org/apache/maven/maven-embedder/3.8.6/maven-embedder-3.8.6.jar:/home/cparisi/.m2/repository/org/apache/maven/maven-settings/3.8.6/maven-settings-3.8.6.jar:/home/cparisi/.m2/repository/org/apache/maven/maven-core/3.8.6/maven-core-3.8.6.jar:/home/cparisi/.m2/repository/org/apache/maven/maven-artifact/3.8.6/maven-artifact-3.8.6.jar:/home/cparisi/.m2/repository/org/codehaus/plexus/plexus-component-annotations/2.1.0/plexus-component-annotations-2.1.0.jar:/home/cparisi/.m2/repository/org/apache/maven/maven-plugin-api/3.8.6/maven-plugin-api-3.8.6.jar:/home/cparisi/.m2/repository/org/apache/maven/maven-model/3.8.6/maven-model-3.8.6.jar:/home/cparisi/.m2/repository/org/apache/maven/maven-model-builder/3.8.6/maven-model-builder-3.8.6.jar:/home/cparisi/.m2/repository/org/apache/maven/maven-builder-support/3.8.6/maven-builder-support-3.8.6.jar:/home/cparisi/.m2/repository/org/apache/maven/resolver/maven-resolver-api/1.6.3/maven-resolver-api-1.6.3.jar:/home/cparisi/.m2/repository/org/apache/maven/resolver/maven-resolver-util/1.6.3/maven-resolver-util-1.6.3.jar:/home/cparisi/.m2/repository/org/apache/maven/shared/maven-shared-utils/3.3.4/maven-shared-utils-3.3.4.jar:/home/cparisi/.m2/repository/commons-io/commons-io/2.11.0/commons-io-2.11.0.jar:/home/cparisi/.m2/repository/com/google/inject/guice/4.2.2/guice-4.2.2-no_aop.jar:/home/cparisi/.m2/repository/com/google/guava/guava/31.1-jre/guava-31.1-jre.jar:/home/cparisi/.m2/repository/com/google/guava/failureaccess/1.0.1/failureaccess-1.0.1.jar:/home/cparisi/.m2/repository/org/codehaus/plexus/plexus-classworlds/2.6.0/plexus-classworlds-2.6.0.jar:/home/cparisi/.m2/repository/org/codehaus/plexus/plexus-sec-dispatcher/2.0/plexus-sec-dispatcher-2.0.jar:/home/cparisi/.m2/repository/org/codehaus/plexus/plexus-cipher/2.0/plexus-cipher-2.0.jar:/home/cparisi/.m2/repository/commons-cli/commons-cli/1.4/commons-cli-1.4.jar:/home/cparisi/.m2/repository/org/eclipse/sisu/org.eclipse.sisu.plexus/0.3.5/org.eclipse.sisu.plexus-0.3.5.jar:/home/cparisi/.m2/repository/org/apache/maven/maven-settings-builder/3.8.6/maven-settings-builder-3.8.6.jar:/home/cparisi/.m2/repository/org/codehaus/plexus/plexus-interpolation/1.26/plexus-interpolation-1.26.jar:/home/cparisi/.m2/repository/org/apache/maven/maven-resolver-provider/3.8.6/maven-resolver-provider-3.8.6.jar:/home/cparisi/.m2/repository/org/apache/maven/maven-repository-metadata/3.8.6/maven-repository-metadata-3.8.6.jar:/home/cparisi/.m2/repository/org/apache/maven/resolver/maven-resolver-spi/1.6.3/maven-resolver-spi-1.6.3.jar:/home/cparisi/.m2/repository/org/apache/maven/resolver/maven-resolver-impl/1.6.3/maven-resolver-impl-1.6.3.jar:/home/cparisi/.m2/repository/org/codehaus/plexus/plexus-utils/3.3.0/plexus-utils-3.3.0.jar:/home/cparisi/.m2/repository/org/apache/maven/resolver/maven-resolver-connector-basic/1.6.3/maven-resolver-connector-basic-1.6.3.jar:/home/cparisi/.m2/repository/org/apache/maven/resolver/maven-resolver-transport-wagon/1.6.3/maven-resolver-transport-wagon-1.6.3.jar:/home/cparisi/.m2/repository/org/apache/maven/wagon/wagon-http/3.5.1/wagon-http-3.5.1.jar:/home/cparisi/.m2/repository/org/apache/maven/wagon/wagon-http-shared/3.5.1/wagon-http-shared-3.5.1.jar:/home/cparisi/.m2/repository/org/apache/httpcomponents/httpclient/4.5.14/httpclient-4.5.14.jar:/home/cparisi/.m2/repository/commons-codec/commons-codec/1.15/commons-codec-1.15.jar:/home/cparisi/.m2/repository/org/apache/httpcomponents/httpcore/4.4.16/httpcore-4.4.16.jar:/home/cparisi/.m2/repository/org/apache/maven/wagon/wagon-provider-api/3.5.1/wagon-provider-api-3.5.1.jar:/home/cparisi/.m2/repository/org/apache/maven/wagon/wagon-file/3.5.1/wagon-file-3.5.1.jar:/home/cparisi/.m2/repository/io/quarkus/quarkus-bootstrap-gradle-resolver/2.16.5.Final/quarkus-bootstrap-gradle-resolver-2.16.5.Final.jar:/home/cparisi/.m2/repository/org/jboss/logging/commons-logging-jboss-logging/1.0.0.Final/commons-logging-jboss-logging-1.0.0.Final.jar:/home/cparisi/.m2/repository/jakarta/enterprise/jakarta.enterprise.cdi-api/2.0.2/jakarta.enterprise.cdi-api-2.0.2.jar:/home/cparisi/.m2/repository/jakarta/el/jakarta.el-api/3.0.3/jakarta.el-api-3.0.3.jar:/home/cparisi/.m2/repository/jakarta/interceptor/jakarta.interceptor-api/1.2.5/jakarta.interceptor-api-1.2.5.jar:/home/cparisi/.m2/repository/io/quarkus/quarkus-devtools-utilities/2.16.5.Final/quarkus-devtools-utilities-2.16.5.Final.jar:/home/cparisi/.m2/repository/org/awaitility/awaitility/4.2.0/awaitility-4.2.0.jar:/home/cparisi/.m2/repository/org/hamcrest/hamcrest/2.1/hamcrest-2.1.jar:"/>
    <property name="java.vm.vendor" value="Eclipse Adoptium"/>
    <property name="sun.arch.data.model" value="64"/>
    <property name="java.vendor.url" value="https://adoptium.net/"/>
    <property name="user.timezone" value="Europe/Rome"/>
    <property name="logging.initial-configurator.min-level" value="500"/>
    <property name="java.vm.specification.version" value="11"/>
    <property name="os.name" value="Linux"/>
    <property name="sun.java.launcher" value="SUN_STANDARD"/>
    <property name="user.country" value="IT"/>
    <property name="sun.boot.library.path" value="/home/cparisi/.jbang/cache/jdks/11/lib"/>
    <property name="sun.java.command" value="/home/cparisi/progetti/pakkiotto-extension/deployment/target/surefire/surefirebooter-20230323204615203_3.jar /home/cparisi/progetti/pakkiotto-extension/deployment/target/surefire 2023-03-23T20-46-14_271-jvmRun1 surefire-20230323204615203_1tmp surefire_0-20230323204615203_2tmp"/>
    <property name="jdk.debug" value="release"/>
    <property name="maven.home" value="/usr/share/maven"/>
    <property name="surefire.test.class.path" value="/home/cparisi/progetti/pakkiotto-extension/deployment/target/test-classes:/home/cparisi/progetti/pakkiotto-extension/deployment/target/classes:/home/cparisi/.m2/repository/io/quarkus/quarkus-arc-deployment/2.16.5.Final/quarkus-arc-deployment-2.16.5.Final.jar:/home/cparisi/.m2/repository/io/quarkus/quarkus-core-deployment/2.16.5.Final/quarkus-core-deployment-2.16.5.Final.jar:/home/cparisi/.m2/repository/org/aesh/readline/2.2/readline-2.2.jar:/home/cparisi/.m2/repository/org/fusesource/jansi/jansi/1.18/jansi-1.18.jar:/home/cparisi/.m2/repository/org/aesh/aesh/2.7/aesh-2.7.jar:/home/cparisi/.m2/repository/org/apache/commons/commons-lang3/3.12.0/commons-lang3-3.12.0.jar:/home/cparisi/.m2/repository/org/wildfly/common/wildfly-common/1.5.4.Final-format-001/wildfly-common-1.5.4.Final-format-001.jar:/home/cparisi/.m2/repository/io/quarkus/gizmo/gizmo/1.6.0.Final/gizmo-1.6.0.Final.jar:/home/cparisi/.m2/repository/org/ow2/asm/asm-util/9.4/asm-util-9.4.jar:/home/cparisi/.m2/repository/org/ow2/asm/asm-analysis/9.4/asm-analysis-9.4.jar:/home/cparisi/.m2/repository/io/smallrye/jandex/3.0.5/jandex-3.0.5.jar:/home/cparisi/.m2/repository/org/ow2/asm/asm/9.4/asm-9.4.jar:/home/cparisi/.m2/repository/org/ow2/asm/asm-commons/9.4/asm-commons-9.4.jar:/home/cparisi/.m2/repository/org/ow2/asm/asm-tree/9.4/asm-tree-9.4.jar:/home/cparisi/.m2/repository/io/quarkus/quarkus-development-mode-spi/2.16.5.Final/quarkus-development-mode-spi-2.16.5.Final.jar:/home/cparisi/.m2/repository/io/quarkus/quarkus-class-change-agent/2.16.5.Final/quarkus-class-change-agent-2.16.5.Final.jar:/home/cparisi/.m2/repository/io/quarkus/quarkus-bootstrap-core/2.16.5.Final/quarkus-bootstrap-core-2.16.5.Final.jar:/home/cparisi/.m2/repository/io/quarkus/quarkus-bootstrap-app-model/2.16.5.Final/quarkus-bootstrap-app-model-2.16.5.Final.jar:/home/cparisi/.m2/repository/io/smallrye/common/smallrye-common-io/1.13.2/smallrye-common-io-1.13.2.jar:/home/cparisi/.m2/repository/org/eclipse/sisu/org.eclipse.sisu.inject/0.3.5/org.eclipse.sisu.inject-0.3.5.jar:/home/cparisi/.m2/repository/io/quarkus/quarkus-builder/2.16.5.Final/quarkus-builder-2.16.5.Final.jar:/home/cparisi/.m2/repository/org/graalvm/sdk/graal-sdk/22.3.0/graal-sdk-22.3.0.jar:/home/cparisi/.m2/repository/org/junit/platform/junit-platform-launcher/1.9.2/junit-platform-launcher-1.9.2.jar:/home/cparisi/.m2/repository/org/junit/jupiter/junit-jupiter/5.9.2/junit-jupiter-5.9.2.jar:/home/cparisi/.m2/repository/io/quarkus/quarkus-smallrye-context-propagation-spi/2.16.5.Final/quarkus-smallrye-context-propagation-spi-2.16.5.Final.jar:/home/cparisi/.m2/repository/org/eclipse/microprofile/context-propagation/microprofile-context-propagation-api/1.2/microprofile-context-propagation-api-1.2.jar:/home/cparisi/.m2/repository/io/quarkus/quarkus-vertx-http-dev-console-spi/2.16.5.Final/quarkus-vertx-http-dev-console-spi-2.16.5.Final.jar:/home/cparisi/.m2/repository/io/quarkus/quarkus-vertx-http-dev-console-runtime-spi/2.16.5.Final/quarkus-vertx-http-dev-console-runtime-spi-2.16.5.Final.jar:/home/cparisi/.m2/repository/io/quarkus/arc/arc/2.16.5.Final/arc-2.16.5.Final.jar:/home/cparisi/.m2/repository/jakarta/transaction/jakarta.transaction-api/1.3.3/jakarta.transaction-api-1.3.3.jar:/home/cparisi/.m2/repository/io/smallrye/reactive/mutiny/1.9.0/mutiny-1.9.0.jar:/home/cparisi/.m2/repository/org/reactivestreams/reactive-streams/1.0.3/reactive-streams-1.0.3.jar:/home/cparisi/.m2/repository/io/smallrye/common/smallrye-common-annotation/1.13.2/smallrye-common-annotation-1.13.2.jar:/home/cparisi/.m2/repository/io/vertx/vertx-web/4.3.7/vertx-web-4.3.7.jar:/home/cparisi/.m2/repository/io/vertx/vertx-web-common/4.3.7/vertx-web-common-4.3.7.jar:/home/cparisi/.m2/repository/io/vertx/vertx-auth-common/4.3.7/vertx-auth-common-4.3.7.jar:/home/cparisi/.m2/repository/io/vertx/vertx-bridge-common/4.3.7/vertx-bridge-common-4.3.7.jar:/home/cparisi/.m2/repository/io/vertx/vertx-core/4.3.7/vertx-core-4.3.7.jar:/home/cparisi/.m2/repository/io/netty/netty-common/4.1.86.Final/netty-common-4.1.86.Final.jar:/home/cparisi/.m2/repository/io/netty/netty-buffer/4.1.86.Final/netty-buffer-4.1.86.Final.jar:/home/cparisi/.m2/repository/io/netty/netty-transport/4.1.86.Final/netty-transport-4.1.86.Final.jar:/home/cparisi/.m2/repository/io/netty/netty-handler/4.1.86.Final/netty-handler-4.1.86.Final.jar:/home/cparisi/.m2/repository/io/netty/netty-transport-native-unix-common/4.1.86.Final/netty-transport-native-unix-common-4.1.86.Final.jar:/home/cparisi/.m2/repository/io/netty/netty-handler-proxy/4.1.86.Final/netty-handler-proxy-4.1.86.Final.jar:/home/cparisi/.m2/repository/io/netty/netty-codec-socks/4.1.86.Final/netty-codec-socks-4.1.86.Final.jar:/home/cparisi/.m2/repository/io/netty/netty-codec-http2/4.1.86.Final/netty-codec-http2-4.1.86.Final.jar:/home/cparisi/.m2/repository/io/netty/netty-resolver/4.1.86.Final/netty-resolver-4.1.86.Final.jar:/home/cparisi/.m2/repository/io/netty/netty-resolver-dns/4.1.86.Final/netty-resolver-dns-4.1.86.Final.jar:/home/cparisi/.m2/repository/io/netty/netty-codec-dns/4.1.86.Final/netty-codec-dns-4.1.86.Final.jar:/home/cparisi/.m2/repository/io/quarkus/quarkus-arc/2.16.5.Final/quarkus-arc-2.16.5.Final.jar:/home/cparisi/.m2/repository/io/quarkus/arc/arc-processor/2.16.5.Final/arc-processor-2.16.5.Final.jar:/home/cparisi/.m2/repository/org/jboss/logging/jboss-logging/3.5.0.Final/jboss-logging-3.5.0.Final.jar:/home/cparisi/.m2/repository/jakarta/annotation/jakarta.annotation-api/1.3.5/jakarta.annotation-api-1.3.5.jar:/home/cparisi/.m2/repository/io/quarkus/quarkus-undertow-deployment/2.16.5.Final/quarkus-undertow-deployment-2.16.5.Final.jar:/home/cparisi/.m2/repository/io/quarkus/http/quarkus-http-servlet/4.2.1/quarkus-http-servlet-4.2.1.jar:/home/cparisi/.m2/repository/io/quarkus/http/quarkus-http-core/4.2.1/quarkus-http-core-4.2.1.jar:/home/cparisi/.m2/repository/io/quarkus/http/quarkus-http-http-core/4.2.1/quarkus-http-http-core-4.2.1.jar:/home/cparisi/.m2/repository/io/netty/netty-codec-http/4.1.86.Final/netty-codec-http-4.1.86.Final.jar:/home/cparisi/.m2/repository/io/netty/netty-codec/4.1.86.Final/netty-codec-4.1.86.Final.jar:/home/cparisi/.m2/repository/jakarta/servlet/jakarta.servlet-api/4.0.3/jakarta.servlet-api-4.0.3.jar:/home/cparisi/.m2/repository/io/quarkus/quarkus-undertow-spi/2.16.5.Final/quarkus-undertow-spi-2.16.5.Final.jar:/home/cparisi/.m2/repository/io/quarkus/quarkus-undertow/2.16.5.Final/quarkus-undertow-2.16.5.Final.jar:/home/cparisi/.m2/repository/io/quarkus/quarkus-vertx-http/2.16.5.Final/quarkus-vertx-http-2.16.5.Final.jar:/home/cparisi/.m2/repository/io/quarkus/quarkus-security-runtime-spi/2.16.5.Final/quarkus-security-runtime-spi-2.16.5.Final.jar:/home/cparisi/.m2/repository/io/quarkus/quarkus-credentials/2.16.5.Final/quarkus-credentials-2.16.5.Final.jar:/home/cparisi/.m2/repository/io/quarkus/quarkus-mutiny/2.16.5.Final/quarkus-mutiny-2.16.5.Final.jar:/home/cparisi/.m2/repository/io/quarkus/quarkus-smallrye-context-propagation/2.16.5.Final/quarkus-smallrye-context-propagation-2.16.5.Final.jar:/home/cparisi/.m2/repository/io/smallrye/smallrye-context-propagation/1.2.2/smallrye-context-propagation-1.2.2.jar:/home/cparisi/.m2/repository/io/smallrye/smallrye-context-propagation-api/1.2.2/smallrye-context-propagation-api-1.2.2.jar:/home/cparisi/.m2/repository/io/smallrye/smallrye-context-propagation-storage/1.2.2/smallrye-context-propagation-storage-1.2.2.jar:/home/cparisi/.m2/repository/io/smallrye/reactive/mutiny-smallrye-context-propagation/1.9.0/mutiny-smallrye-context-propagation-1.9.0.jar:/home/cparisi/.m2/repository/io/smallrye/common/smallrye-common-vertx-context/1.13.2/smallrye-common-vertx-context-1.13.2.jar:/home/cparisi/.m2/repository/io/smallrye/common/smallrye-common-constraint/1.13.2/smallrye-common-constraint-1.13.2.jar:/home/cparisi/.m2/repository/io/quarkus/quarkus-vertx/2.16.5.Final/quarkus-vertx-2.16.5.Final.jar:/home/cparisi/.m2/repository/io/quarkus/quarkus-netty/2.16.5.Final/quarkus-netty-2.16.5.Final.jar:/home/cparisi/.m2/repository/com/aayushatharva/brotli4j/brotli4j/1.8.0/brotli4j-1.8.0.jar:/home/cparisi/.m2/repository/com/aayushatharva/brotli4j/native-linux-x86_64/1.8.0/native-linux-x86_64-1.8.0.jar:/home/cparisi/.m2/repository/io/netty/netty-codec-haproxy/4.1.86.Final/netty-codec-haproxy-4.1.86.Final.jar:/home/cparisi/.m2/repository/io/quarkus/quarkus-vertx-latebound-mdc-provider/2.16.5.Final/quarkus-vertx-latebound-mdc-provider-2.16.5.Final.jar:/home/cparisi/.m2/repository/io/smallrye/reactive/smallrye-mutiny-vertx-core/2.30.1/smallrye-mutiny-vertx-core-2.30.1.jar:/home/cparisi/.m2/repository/io/smallrye/reactive/smallrye-mutiny-vertx-runtime/2.30.1/smallrye-mutiny-vertx-runtime-2.30.1.jar:/home/cparisi/.m2/repository/io/smallrye/reactive/vertx-mutiny-generator/2.30.1/vertx-mutiny-generator-2.30.1.jar:/home/cparisi/.m2/repository/io/vertx/vertx-codegen/4.3.7/vertx-codegen-4.3.7.jar:/home/cparisi/.m2/repository/io/smallrye/smallrye-fault-tolerance-vertx/5.6.0/smallrye-fault-tolerance-vertx-5.6.0.jar:/home/cparisi/.m2/repository/io/smallrye/reactive/smallrye-mutiny-vertx-web/2.30.1/smallrye-mutiny-vertx-web-2.30.1.jar:/home/cparisi/.m2/repository/io/smallrye/reactive/smallrye-mutiny-vertx-web-common/2.30.1/smallrye-mutiny-vertx-web-common-2.30.1.jar:/home/cparisi/.m2/repository/io/smallrye/reactive/smallrye-mutiny-vertx-auth-common/2.30.1/smallrye-mutiny-vertx-auth-common-2.30.1.jar:/home/cparisi/.m2/repository/io/smallrye/reactive/smallrye-mutiny-vertx-bridge-common/2.30.1/smallrye-mutiny-vertx-bridge-common-2.30.1.jar:/home/cparisi/.m2/repository/io/smallrye/reactive/smallrye-mutiny-vertx-uri-template/2.30.1/smallrye-mutiny-vertx-uri-template-2.30.1.jar:/home/cparisi/.m2/repository/io/vertx/vertx-uri-template/4.3.7/vertx-uri-template-4.3.7.jar:/home/cparisi/.m2/repository/io/github/crac/org-crac/0.1.3/org-crac-0.1.3.jar:/home/cparisi/.m2/repository/io/quarkus/security/quarkus-security/1.1.4.Final/quarkus-security-1.1.4.Final.jar:/home/cparisi/.m2/repository/io/quarkus/http/quarkus-http-vertx-backend/4.2.1/quarkus-http-vertx-backend-4.2.1.jar:/home/cparisi/.m2/repository/io/quarkus/quarkus-vertx-http-deployment/2.16.5.Final/quarkus-vertx-http-deployment-2.16.5.Final.jar:/home/cparisi/.m2/repository/io/quarkus/quarkus-vertx-deployment/2.16.5.Final/quarkus-vertx-deployment-2.16.5.Final.jar:/home/cparisi/.m2/repository/io/quarkus/quarkus-netty-deployment/2.16.5.Final/quarkus-netty-deployment-2.16.5.Final.jar:/home/cparisi/.m2/repository/io/quarkus/quarkus-vertx-http-deployment-spi/2.16.5.Final/quarkus-vertx-http-deployment-spi-2.16.5.Final.jar:/home/cparisi/.m2/repository/io/quarkus/quarkus-mutiny-deployment/2.16.5.Final/quarkus-mutiny-deployment-2.16.5.Final.jar:/home/cparisi/.m2/repository/io/quarkus/quarkus-smallrye-context-propagation-deployment/2.16.5.Final/quarkus-smallrye-context-propagation-deployment-2.16.5.Final.jar:/home/cparisi/.m2/repository/io/quarkus/qute/qute-core/2.16.5.Final/qute-core-2.16.5.Final.jar:/home/cparisi/.m2/repository/org/yaml/snakeyaml/1.33/snakeyaml-1.33.jar:/home/cparisi/.m2/repository/com/fasterxml/jackson/core/jackson-databind/2.14.2/jackson-databind-2.14.2.jar:/home/cparisi/.m2/repository/com/fasterxml/jackson/core/jackson-annotations/2.14.2/jackson-annotations-2.14.2.jar:/home/cparisi/.m2/repository/com/fasterxml/jackson/core/jackson-core/2.14.2/jackson-core-2.14.2.jar:/home/cparisi/.m2/repository/io/quarkus/quarkus-kubernetes-spi/2.16.5.Final/quarkus-kubernetes-spi-2.16.5.Final.jar:/home/cparisi/.m2/repository/org/jboss/metadata/jboss-metadata-web/15.2.0.Final/jboss-metadata-web-15.2.0.Final.jar:/home/cparisi/.m2/repository/org/jboss/metadata/jboss-metadata-common/15.2.0.Final/jboss-metadata-common-15.2.0.Final.jar:/home/cparisi/progetti/pakkiotto-extension/runtime/target/pakkiotto-extension-1.0.0-SNAPSHOT.jar:/home/cparisi/.m2/repository/io/quarkus/quarkus-junit5-internal/2.16.5.Final/quarkus-junit5-internal-2.16.5.Final.jar:/home/cparisi/.m2/repository/org/jboss/shrinkwrap/shrinkwrap-api/1.2.6/shrinkwrap-api-1.2.6.jar:/home/cparisi/.m2/repository/org/jboss/shrinkwrap/shrinkwrap-spi/1.2.6/shrinkwrap-spi-1.2.6.jar:/home/cparisi/.m2/repository/org/jboss/shrinkwrap/shrinkwrap-impl-base/1.2.6/shrinkwrap-impl-base-1.2.6.jar:/home/cparisi/.m2/repository/org/junit/jupiter/junit-jupiter-api/5.9.2/junit-jupiter-api-5.9.2.jar:/home/cparisi/.m2/repository/org/opentest4j/opentest4j/1.2.0/opentest4j-1.2.0.jar:/home/cparisi/.m2/repository/org/junit/platform/junit-platform-commons/1.9.2/junit-platform-commons-1.9.2.jar:/home/cparisi/.m2/repository/org/apiguardian/apiguardian-api/1.1.2/apiguardian-api-1.1.2.jar:/home/cparisi/.m2/repository/org/junit/jupiter/junit-jupiter-params/5.9.2/junit-jupiter-params-5.9.2.jar:/home/cparisi/.m2/repository/org/junit/jupiter/junit-jupiter-engine/5.9.2/junit-jupiter-engine-5.9.2.jar:/home/cparisi/.m2/repository/org/junit/platform/junit-platform-engine/1.9.2/junit-platform-engine-1.9.2.jar:/home/cparisi/.m2/repository/io/quarkus/quarkus-core/2.16.5.Final/quarkus-core-2.16.5.Final.jar:/home/cparisi/.m2/repository/jakarta/inject/jakarta.inject-api/1.0/jakarta.inject-api-1.0.jar:/home/cparisi/.m2/repository/io/quarkus/quarkus-ide-launcher/2.16.5.Final/quarkus-ide-launcher-2.16.5.Final.jar:/home/cparisi/.m2/repository/io/smallrye/config/smallrye-config/2.13.3/smallrye-config-2.13.3.jar:/home/cparisi/.m2/repository/io/smallrye/config/smallrye-config-core/2.13.3/smallrye-config-core-2.13.3.jar:/home/cparisi/.m2/repository/org/eclipse/microprofile/config/microprofile-config-api/2.0.1/microprofile-config-api-2.0.1.jar:/home/cparisi/.m2/repository/io/smallrye/common/smallrye-common-expression/1.13.2/smallrye-common-expression-1.13.2.jar:/home/cparisi/.m2/repository/io/smallrye/common/smallrye-common-function/1.13.2/smallrye-common-function-1.13.2.jar:/home/cparisi/.m2/repository/io/smallrye/common/smallrye-common-classloader/1.13.2/smallrye-common-classloader-1.13.2.jar:/home/cparisi/.m2/repository/io/smallrye/config/smallrye-config-common/2.13.3/smallrye-config-common-2.13.3.jar:/home/cparisi/.m2/repository/org/jboss/logmanager/jboss-logmanager-embedded/1.0.11/jboss-logmanager-embedded-1.0.11.jar:/home/cparisi/.m2/repository/org/jboss/logging/jboss-logging-annotations/2.2.1.Final/jboss-logging-annotations-2.2.1.Final.jar:/home/cparisi/.m2/repository/org/jboss/threads/jboss-threads/3.4.3.Final/jboss-threads-3.4.3.Final.jar:/home/cparisi/.m2/repository/org/slf4j/slf4j-api/1.7.36/slf4j-api-1.7.36.jar:/home/cparisi/.m2/repository/org/jboss/slf4j/slf4j-jboss-logmanager/1.2.0.Final/slf4j-jboss-logmanager-1.2.0.Final.jar:/home/cparisi/.m2/repository/io/quarkus/quarkus-bootstrap-runner/2.16.5.Final/quarkus-bootstrap-runner-2.16.5.Final.jar:/home/cparisi/.m2/repository/io/quarkus/quarkus-fs-util/0.0.9/quarkus-fs-util-0.0.9.jar:/home/cparisi/.m2/repository/io/quarkus/quarkus-test-common/2.16.5.Final/quarkus-test-common-2.16.5.Final.jar:/home/cparisi/.m2/repository/io/quarkus/quarkus-bootstrap-maven-resolver/2.16.5.Final/quarkus-bootstrap-maven-resolver-2.16.5.Final.jar:/home/cparisi/.m2/repository/org/apache/maven/maven-embedder/3.8.6/maven-embedder-3.8.6.jar:/home/cparisi/.m2/repository/org/apache/maven/maven-settings/3.8.6/maven-settings-3.8.6.jar:/home/cparisi/.m2/repository/org/apache/maven/maven-core/3.8.6/maven-core-3.8.6.jar:/home/cparisi/.m2/repository/org/apache/maven/maven-artifact/3.8.6/maven-artifact-3.8.6.jar:/home/cparisi/.m2/repository/org/codehaus/plexus/plexus-component-annotations/2.1.0/plexus-component-annotations-2.1.0.jar:/home/cparisi/.m2/repository/org/apache/maven/maven-plugin-api/3.8.6/maven-plugin-api-3.8.6.jar:/home/cparisi/.m2/repository/org/apache/maven/maven-model/3.8.6/maven-model-3.8.6.jar:/home/cparisi/.m2/repository/org/apache/maven/maven-model-builder/3.8.6/maven-model-builder-3.8.6.jar:/home/cparisi/.m2/repository/org/apache/maven/maven-builder-support/3.8.6/maven-builder-support-3.8.6.jar:/home/cparisi/.m2/repository/org/apache/maven/resolver/maven-resolver-api/1.6.3/maven-resolver-api-1.6.3.jar:/home/cparisi/.m2/repository/org/apache/maven/resolver/maven-resolver-util/1.6.3/maven-resolver-util-1.6.3.jar:/home/cparisi/.m2/repository/org/apache/maven/shared/maven-shared-utils/3.3.4/maven-shared-utils-3.3.4.jar:/home/cparisi/.m2/repository/commons-io/commons-io/2.11.0/commons-io-2.11.0.jar:/home/cparisi/.m2/repository/com/google/inject/guice/4.2.2/guice-4.2.2-no_aop.jar:/home/cparisi/.m2/repository/com/google/guava/guava/31.1-jre/guava-31.1-jre.jar:/home/cparisi/.m2/repository/com/google/guava/failureaccess/1.0.1/failureaccess-1.0.1.jar:/home/cparisi/.m2/repository/org/codehaus/plexus/plexus-classworlds/2.6.0/plexus-classworlds-2.6.0.jar:/home/cparisi/.m2/repository/org/codehaus/plexus/plexus-sec-dispatcher/2.0/plexus-sec-dispatcher-2.0.jar:/home/cparisi/.m2/repository/org/codehaus/plexus/plexus-cipher/2.0/plexus-cipher-2.0.jar:/home/cparisi/.m2/repository/commons-cli/commons-cli/1.4/commons-cli-1.4.jar:/home/cparisi/.m2/repository/org/eclipse/sisu/org.eclipse.sisu.plexus/0.3.5/org.eclipse.sisu.plexus-0.3.5.jar:/home/cparisi/.m2/repository/org/apache/maven/maven-settings-builder/3.8.6/maven-settings-builder-3.8.6.jar:/home/cparisi/.m2/repository/org/codehaus/plexus/plexus-interpolation/1.26/plexus-interpolation-1.26.jar:/home/cparisi/.m2/repository/org/apache/maven/maven-resolver-provider/3.8.6/maven-resolver-provider-3.8.6.jar:/home/cparisi/.m2/repository/org/apache/maven/maven-repository-metadata/3.8.6/maven-repository-metadata-3.8.6.jar:/home/cparisi/.m2/repository/org/apache/maven/resolver/maven-resolver-spi/1.6.3/maven-resolver-spi-1.6.3.jar:/home/cparisi/.m2/repository/org/apache/maven/resolver/maven-resolver-impl/1.6.3/maven-resolver-impl-1.6.3.jar:/home/cparisi/.m2/repository/org/codehaus/plexus/plexus-utils/3.3.0/plexus-utils-3.3.0.jar:/home/cparisi/.m2/repository/org/apache/maven/resolver/maven-resolver-connector-basic/1.6.3/maven-resolver-connector-basic-1.6.3.jar:/home/cparisi/.m2/repository/org/apache/maven/resolver/maven-resolver-transport-wagon/1.6.3/maven-resolver-transport-wagon-1.6.3.jar:/home/cparisi/.m2/repository/org/apache/maven/wagon/wagon-http/3.5.1/wagon-http-3.5.1.jar:/home/cparisi/.m2/repository/org/apache/maven/wagon/wagon-http-shared/3.5.1/wagon-http-shared-3.5.1.jar:/home/cparisi/.m2/repository/org/apache/httpcomponents/httpclient/4.5.14/httpclient-4.5.14.jar:/home/cparisi/.m2/repository/commons-codec/commons-codec/1.15/commons-codec-1.15.jar:/home/cparisi/.m2/repository/org/apache/httpcomponents/httpcore/4.4.16/httpcore-4.4.16.jar:/home/cparisi/.m2/repository/org/apache/maven/wagon/wagon-provider-api/3.5.1/wagon-provider-api-3.5.1.jar:/home/cparisi/.m2/repository/org/apache/maven/wagon/wagon-file/3.5.1/wagon-file-3.5.1.jar:/home/cparisi/.m2/repository/io/quarkus/quarkus-bootstrap-gradle-resolver/2.16.5.Final/quarkus-bootstrap-gradle-resolver-2.16.5.Final.jar:/home/cparisi/.m2/repository/org/jboss/logging/commons-logging-jboss-logging/1.0.0.Final/commons-logging-jboss-logging-1.0.0.Final.jar:/home/cparisi/.m2/repository/jakarta/enterprise/jakarta.enterprise.cdi-api/2.0.2/jakarta.enterprise.cdi-api-2.0.2.jar:/home/cparisi/.m2/repository/jakarta/el/jakarta.el-api/3.0.3/jakarta.el-api-3.0.3.jar:/home/cparisi/.m2/repository/jakarta/interceptor/jakarta.interceptor-api/1.2.5/jakarta.interceptor-api-1.2.5.jar:/home/cparisi/.m2/repository/io/quarkus/quarkus-devtools-utilities/2.16.5.Final/quarkus-devtools-utilities-2.16.5.Final.jar:/home/cparisi/.m2/repository/org/awaitility/awaitility/4.2.0/awaitility-4.2.0.jar:/home/cparisi/.m2/repository/org/hamcrest/hamcrest/2.1/hamcrest-2.1.jar:"/>
    <property name="sun.cpu.endian" value="little"/>
    <property name="user.home" value="/home/cparisi"/>
    <property name="user.language" value="it"/>
    <property name="java.specification.vendor" value="Oracle Corporation"/>
    <property name="io.netty.allocator.maxOrder" value="3"/>
    <property name="java.version.date" value="2022-10-18"/>
    <property name="java.home" value="/home/cparisi/.jbang/cache/jdks/11"/>
    <property name="file.separator" value="/"/>
    <property name="maven.repo" value="/home/cparisi/.m2/repository"/>
    <property name="basedir" value="/home/cparisi/progetti/pakkiotto-extension/deployment"/>
    <property name="java.vm.compressedOopsMode" value="Zero based"/>
    <property name="line.separator" value="&#10;"/>
    <property name="java.specification.name" value="Java Platform API Specification"/>
    <property name="java.vm.specification.vendor" value="Oracle Corporation"/>
    <property name="java.awt.graphicsenv" value="sun.awt.X11GraphicsEnvironment"/>
    <property name="surefire.real.class.path" value="/home/cparisi/progetti/pakkiotto-extension/deployment/target/surefire/surefirebooter-20230323204615203_3.jar"/>
    <property name="sun.management.compiler" value="HotSpot 64-Bit Tiered Compilers"/>
    <property name="java.runtime.version" value="11.0.17+8"/>
    <property name="user.name" value="cparisi"/>
    <property name="path.separator" value=":"/>
    <property name="os.version" value="6.2.7-200.fc37.x86_64"/>
    <property name="java.runtime.name" value="OpenJDK Runtime Environment"/>
    <property name="file.encoding" value="UTF-8"/>
    <property name="java.vm.name" value="OpenJDK 64-Bit Server VM"/>
    <property name="java.vendor.version" value="Temurin-11.0.17+8"/>
    <property name="localRepository" value="/home/cparisi/.m2/repository"/>
    <property name="java.vendor.url.bug" value="https://github.com/adoptium/adoptium-support/issues"/>
    <property name="java.io.tmpdir" value="/tmp"/>
    <property name="quarkus.log.file.path" value="target/quarkus.log"/>
    <property name="java.version" value="11.0.17"/>
    <property name="java.util.concurrent.ForkJoinPool.common.threadFactory" value="io.quarkus.bootstrap.forkjoin.QuarkusForkJoinWorkerThreadFactory"/>
    <property name="user.dir" value="/home/cparisi/progetti/pakkiotto-extension/deployment"/>
    <property name="os.arch" value="amd64"/>
    <property name="java.vm.specification.name" value="Java Virtual Machine Specification"/>
    <property name="vertx.disableDnsResolver" value="true"/>
    <property name="java.awt.printerjob" value="sun.print.PSPrinterJob"/>
    <property name="sun.os.patch.level" value="unknown"/>
    <property name="java.util.logging.manager" value="org.jboss.logmanager.LogManager"/>
    <property name="java.library.path" value="/usr/java/packages/lib:/usr/lib64:/lib64:/lib:/usr/lib"/>
    <property name="java.vm.info" value="mixed mode"/>
    <property name="java.vendor" value="Eclipse Adoptium"/>
    <property name="vertx.disableTCCL" value="true"/>
    <property name="java.vm.version" value="11.0.17+8"/>
    <property name="sun.io.unicode.encoding" value="UnicodeLittle"/>
    <property name="io.netty.machineId" value="90:8e:e0:cb:7c:2a:6d:7e"/>
    <property name="java.class.version" value="55.0"/>
  </properties>
  <testcase name="writeYourOwnUnitTest" classname="it.cparisi.pakkiotto.extension.test.PakkiottoExtensionTest" time="0.02">
    <system-out><![CDATA[2023-03-23 20:46:17,154 WARN  [io.qua.run.uti.ContainerRuntimeUtil] (main) Command "docker" exited with error code 1. Rootless container runtime detection might not be reliable.
2023-03-23 20:46:17,715 INFO  [io.qua.arc.pro.Interceptors] (build-5) The interceptor it.cparisi.pakkiotto.extension.runtime.LoggingInterceptor does not declare any @Priority. It will be assigned a default priority value of 0.
2023-03-23 20:46:18,298 INFO  [io.quarkus] (main) pakkiotto-extension-deployment 1.0.0-SNAPSHOT on JVM (powered by Quarkus 2.16.5.Final) started in 0.338s. Listening on: http://localhost:8081
2023-03-23 20:46:18,299 INFO  [io.quarkus] (main) Profile test activated. 
2023-03-23 20:46:18,299 INFO  [io.quarkus] (main) Installed features: [cdi, pakkiotto-extension, servlet, smallrye-context-propagation, vertx]
]]></system-out>
  </testcase>
</testsuite>